2019-07-21 17:29:26.736 DEBUG   --- [           main] o.a.h.client.protocol.RequestAddCookies  : CookieSpec selected: default
2019-07-21 17:29:26.892 DEBUG   --- [           main] o.a.h.client.protocol.RequestAuthCache   : Auth cache not set in the context
2019-07-21 17:29:26.892 DEBUG   --- [           main] h.i.c.PoolingHttpClientConnectionManager : Connection request: [route: {s}->https://api.weixin.qq.com:443][total kept alive: 0; route allocated: 0 of 100; total allocated: 0 of 500]
2019-07-21 17:29:27.001 DEBUG   --- [           main] h.i.c.PoolingHttpClientConnectionManager : Connection leased: [id: 0][route: {s}->https://api.weixin.qq.com:443][total kept alive: 0; route allocated: 1 of 100; total allocated: 1 of 500]
2019-07-21 17:29:27.063 DEBUG   --- [           main] o.a.http.impl.execchain.MainClientExec   : Opening connection {s}->https://api.weixin.qq.com:443
2019-07-21 17:29:27.282 DEBUG   --- [           main] .i.c.DefaultHttpClientConnectionOperator : Connecting to api.weixin.qq.com/58.246.220.31:443
2019-07-21 17:29:27.282 DEBUG   --- [           main] o.a.h.c.ssl.SSLConnectionSocketFactory   : Connecting socket to api.weixin.qq.com/58.246.220.31:443 with timeout 5000
2019-07-21 17:29:28.046 DEBUG   --- [           main] o.a.h.c.ssl.SSLConnectionSocketFactory   : Enabled protocols: [TLSv1, TLSv1.1, TLSv1.2]
2019-07-21 17:29:28.046 DEBUG   --- [           main] o.a.h.c.ssl.SSLConnectionSocketFactory   : Enabled cipher suites:[TLS_ECDHE_ECDSA_WITH_AES_256_CBC_SHA384, TLS_ECDHE_RSA_WITH_AES_256_CBC_SHA384, TLS_RSA_WITH_AES_256_CBC_SHA256, TLS_ECDH_ECDSA_WITH_AES_256_CBC_SHA384, TLS_ECDH_RSA_WITH_AES_256_CBC_SHA384, TLS_DHE_RSA_WITH_AES_256_CBC_SHA256, TLS_DHE_DSS_WITH_AES_256_CBC_SHA256, TLS_ECDHE_ECDSA_WITH_AES_256_CBC_SHA, TLS_ECDHE_RSA_WITH_AES_256_CBC_SHA, TLS_RSA_WITH_AES_256_CBC_SHA, TLS_ECDH_ECDSA_WITH_AES_256_CBC_SHA, TLS_ECDH_RSA_WITH_AES_256_CBC_SHA, TLS_DHE_RSA_WITH_AES_256_CBC_SHA, TLS_DHE_DSS_WITH_AES_256_CBC_SHA, TLS_ECDHE_ECDSA_WITH_AES_128_CBC_SHA256, TLS_ECDHE_RSA_WITH_AES_128_CBC_SHA256, TLS_RSA_WITH_AES_128_CBC_SHA256, TLS_ECDH_ECDSA_WITH_AES_128_CBC_SHA256, TLS_ECDH_RSA_WITH_AES_128_CBC_SHA256, TLS_DHE_RSA_WITH_AES_128_CBC_SHA256, TLS_DHE_DSS_WITH_AES_128_CBC_SHA256, TLS_ECDHE_ECDSA_WITH_AES_128_CBC_SHA, TLS_ECDHE_RSA_WITH_AES_128_CBC_SHA, TLS_RSA_WITH_AES_128_CBC_SHA, TLS_ECDH_ECDSA_WITH_AES_128_CBC_SHA, TLS_ECDH_RSA_WITH_AES_128_CBC_SHA, TLS_DHE_RSA_WITH_AES_128_CBC_SHA, TLS_DHE_DSS_WITH_AES_128_CBC_SHA, TLS_ECDHE_ECDSA_WITH_AES_256_GCM_SHA384, TLS_ECDHE_ECDSA_WITH_AES_128_GCM_SHA256, TLS_ECDHE_RSA_WITH_AES_256_GCM_SHA384, TLS_RSA_WITH_AES_256_GCM_SHA384, TLS_ECDH_ECDSA_WITH_AES_256_GCM_SHA384, TLS_ECDH_RSA_WITH_AES_256_GCM_SHA384, TLS_DHE_RSA_WITH_AES_256_GCM_SHA384, TLS_DHE_DSS_WITH_AES_256_GCM_SHA384, TLS_ECDHE_RSA_WITH_AES_128_GCM_SHA256, TLS_RSA_WITH_AES_128_GCM_SHA256, TLS_ECDH_ECDSA_WITH_AES_128_GCM_SHA256, TLS_ECDH_RSA_WITH_AES_128_GCM_SHA256, TLS_DHE_RSA_WITH_AES_128_GCM_SHA256, TLS_DHE_DSS_WITH_AES_128_GCM_SHA256, TLS_EMPTY_RENEGOTIATION_INFO_SCSV]
2019-07-21 17:29:28.046 DEBUG   --- [           main] o.a.h.c.ssl.SSLConnectionSocketFactory   : Starting handshake
2019-07-21 17:29:28.530 DEBUG   --- [           main] o.a.h.c.ssl.SSLConnectionSocketFactory   : Secure session established
2019-07-21 17:29:28.530 DEBUG   --- [           main] o.a.h.c.ssl.SSLConnectionSocketFactory   :  negotiated protocol: TLSv1.2
2019-07-21 17:29:28.530 DEBUG   --- [           main] o.a.h.c.ssl.SSLConnectionSocketFactory   :  negotiated cipher suite: TLS_ECDHE_RSA_WITH_AES_128_GCM_SHA256
2019-07-21 17:29:28.530 DEBUG   --- [           main] o.a.h.c.ssl.SSLConnectionSocketFactory   :  peer principal: CN=mp.weixin.qq.com, OU=R&D, O=Shenzhen Tencent Computer Systems Company Limited, L=Shenzhen, ST=Guangdong, C=CN
2019-07-21 17:29:28.530 DEBUG   --- [           main] o.a.h.c.ssl.SSLConnectionSocketFactory   :  peer alternative names: [mp.weixin.qq.com, api.weixin.qq.com, a.weixin.qq.com, hk.mp.weixin.qq.com, minigame.weixin.qq.com, ad.weixin.qq.com, developers.weixin.qq.com, rd.wechatapp.com, api2.weixin.qq.com, hk.open.weixin.qq.com, sz.open.weixin.qq.com, servicewechat.com, game.weixin.qq.com, long.open.weixin.qq.com, open.weixin.qq.com, sh.api.weixin.qq.com, sz.api.weixin.qq.com, as.weixin.qq.com, hk.api.weixin.qq.com, sz.mp.weixin.qq.com, mp.weixinbridge.com]
2019-07-21 17:29:28.530 DEBUG   --- [           main] o.a.h.c.ssl.SSLConnectionSocketFactory   :  issuer principal: CN=GeoTrust RSA CA 2018, OU=www.digicert.com, O=DigiCert Inc, C=US
2019-07-21 17:29:28.545 DEBUG   --- [           main] .i.c.DefaultHttpClientConnectionOperator : Connection established 192.168.199.237:50861<->58.246.220.31:443
2019-07-21 17:29:28.561 DEBUG   --- [           main] h.i.c.DefaultManagedHttpClientConnection : http-outgoing-0: set socket timeout to 30000
2019-07-21 17:29:28.561 DEBUG   --- [           main] o.a.http.impl.execchain.MainClientExec   : Executing request GET /sns/jscode2session?appid=wx9309ee85f54564cf&secret=5c8600af1dd565eaa8cf222e93746f58&js_code=0332mlbl1xlDen0WBEbl1yTobl12mlb8&grant_type=authorization_code HTTP/1.1
2019-07-21 17:29:28.561 DEBUG   --- [           main] o.a.http.impl.execchain.MainClientExec   : Target auth state: UNCHALLENGED
2019-07-21 17:29:28.561 DEBUG   --- [           main] o.a.http.impl.execchain.MainClientExec   : Proxy auth state: UNCHALLENGED
2019-07-21 17:29:28.561 DEBUG   --- [           main] org.apache.http.headers                  : http-outgoing-0 >> GET /sns/jscode2session?appid=wx9309ee85f54564cf&secret=5c8600af1dd565eaa8cf222e93746f58&js_code=0332mlbl1xlDen0WBEbl1yTobl12mlb8&grant_type=authorization_code HTTP/1.1
2019-07-21 17:29:28.561 DEBUG   --- [           main] org.apache.http.headers                  : http-outgoing-0 >> Host: api.weixin.qq.com
2019-07-21 17:29:28.561 DEBUG   --- [           main] org.apache.http.headers                  : http-outgoing-0 >> Connection: Keep-Alive
2019-07-21 17:29:28.561 DEBUG   --- [           main] org.apache.http.headers                  : http-outgoing-0 >> User-Agent: Apache-HttpClient/4.5.9 (Java/1.8.0_211)
2019-07-21 17:29:28.561 DEBUG   --- [           main] org.apache.http.headers                  : http-outgoing-0 >> Accept-Encoding: gzip,deflate
2019-07-21 17:29:28.561 DEBUG   --- [           main] org.apache.http.wire                     : http-outgoing-0 >> "GET /sns/jscode2session?appid=wx9309ee85f54564cf&secret=5c8600af1dd565eaa8cf222e93746f58&js_code=0332mlbl1xlDen0WBEbl1yTobl12mlb8&grant_type=authorization_code HTTP/1.1[\r][\n]"
2019-07-21 17:29:28.561 DEBUG   --- [           main] org.apache.http.wire                     : http-outgoing-0 >> "Host: api.weixin.qq.com[\r][\n]"
2019-07-21 17:29:28.561 DEBUG   --- [           main] org.apache.http.wire                     : http-outgoing-0 >> "Connection: Keep-Alive[\r][\n]"
2019-07-21 17:29:28.561 DEBUG   --- [           main] org.apache.http.wire                     : http-outgoing-0 >> "User-Agent: Apache-HttpClient/4.5.9 (Java/1.8.0_211)[\r][\n]"
2019-07-21 17:29:28.561 DEBUG   --- [           main] org.apache.http.wire                     : http-outgoing-0 >> "Accept-Encoding: gzip,deflate[\r][\n]"
2019-07-21 17:29:28.561 DEBUG   --- [           main] org.apache.http.wire                     : http-outgoing-0 >> "[\r][\n]"
2019-07-21 17:29:28.670 DEBUG   --- [           main] org.apache.http.wire                     : http-outgoing-0 << "HTTP/1.1 200 OK[\r][\n]"
2019-07-21 17:29:28.670 DEBUG   --- [           main] org.apache.http.wire                     : http-outgoing-0 << "Connection: keep-alive[\r][\n]"
2019-07-21 17:29:28.670 DEBUG   --- [           main] org.apache.http.wire                     : http-outgoing-0 << "Content-Type: text/plain[\r][\n]"
2019-07-21 17:29:28.670 DEBUG   --- [           main] org.apache.http.wire                     : http-outgoing-0 << "Date: Sun, 21 Jul 2019 09:29:52 GMT[\r][\n]"
2019-07-21 17:29:28.670 DEBUG   --- [           main] org.apache.http.wire                     : http-outgoing-0 << "Content-Length: 82[\r][\n]"
2019-07-21 17:29:28.670 DEBUG   --- [           main] org.apache.http.wire                     : http-outgoing-0 << "[\r][\n]"
2019-07-21 17:29:28.670 DEBUG   --- [           main] org.apache.http.wire                     : http-outgoing-0 << "{"session_key":"Qm7PQ61EzK5ocBa7mURhgA==","openid":"otr945K-CAmP_I-mWw8ZM44uThIU"}"
2019-07-21 17:29:28.686 DEBUG   --- [           main] org.apache.http.headers                  : http-outgoing-0 << HTTP/1.1 200 OK
2019-07-21 17:29:28.686 DEBUG   --- [           main] org.apache.http.headers                  : http-outgoing-0 << Connection: keep-alive
2019-07-21 17:29:28.686 DEBUG   --- [           main] org.apache.http.headers                  : http-outgoing-0 << Content-Type: text/plain
2019-07-21 17:29:28.686 DEBUG   --- [           main] org.apache.http.headers                  : http-outgoing-0 << Date: Sun, 21 Jul 2019 09:29:52 GMT
2019-07-21 17:29:28.686 DEBUG   --- [           main] org.apache.http.headers                  : http-outgoing-0 << Content-Length: 82
2019-07-21 17:29:28.701 DEBUG   --- [           main] o.a.http.impl.execchain.MainClientExec   : Connection can be kept alive indefinitely
2019-07-21 17:29:28.733 DEBUG   --- [           main] h.i.c.PoolingHttpClientConnectionManager : Connection [id: 0][route: {s}->https://api.weixin.qq.com:443] can be kept alive indefinitely
2019-07-21 17:29:28.733 DEBUG   --- [           main] h.i.c.DefaultManagedHttpClientConnection : http-outgoing-0: set socket timeout to 0
2019-07-21 17:29:28.733 DEBUG   --- [           main] h.i.c.PoolingHttpClientConnectionManager : Connection released: [id: 0][route: {s}->https://api.weixin.qq.com:443][total kept alive: 1; route allocated: 1 of 100; total allocated: 1 of 500]
2019-07-21 17:29:28.733 DEBUG   --- [           main] o.a.http.impl.execchain.MainClientExec   : Cancelling request execution
2019-07-21 18:17:46.819 DEBUG   --- [           main] o.a.h.client.protocol.RequestAddCookies  : CookieSpec selected: default
2019-07-21 18:17:46.975 DEBUG   --- [           main] o.a.h.client.protocol.RequestAuthCache   : Auth cache not set in the context
2019-07-21 18:17:46.991 DEBUG   --- [           main] h.i.c.PoolingHttpClientConnectionManager : Connection request: [route: {s}->https://api.weixin.qq.com:443][total kept alive: 0; route allocated: 0 of 100; total allocated: 0 of 500]
2019-07-21 18:17:47.100 DEBUG   --- [           main] h.i.c.PoolingHttpClientConnectionManager : Connection leased: [id: 0][route: {s}->https://api.weixin.qq.com:443][total kept alive: 0; route allocated: 1 of 100; total allocated: 1 of 500]
2019-07-21 18:17:47.115 DEBUG   --- [           main] o.a.http.impl.execchain.MainClientExec   : Opening connection {s}->https://api.weixin.qq.com:443
2019-07-21 18:17:47.209 DEBUG   --- [           main] .i.c.DefaultHttpClientConnectionOperator : Connecting to api.weixin.qq.com/140.207.119.12:443
2019-07-21 18:17:47.209 DEBUG   --- [           main] o.a.h.c.ssl.SSLConnectionSocketFactory   : Connecting socket to api.weixin.qq.com/140.207.119.12:443 with timeout 5000
2019-07-21 18:17:47.677 DEBUG   --- [           main] o.a.h.c.ssl.SSLConnectionSocketFactory   : Enabled protocols: [TLSv1, TLSv1.1, TLSv1.2]
2019-07-21 18:17:47.677 DEBUG   --- [           main] o.a.h.c.ssl.SSLConnectionSocketFactory   : Enabled cipher suites:[TLS_ECDHE_ECDSA_WITH_AES_256_CBC_SHA384, TLS_ECDHE_RSA_WITH_AES_256_CBC_SHA384, TLS_RSA_WITH_AES_256_CBC_SHA256, TLS_ECDH_ECDSA_WITH_AES_256_CBC_SHA384, TLS_ECDH_RSA_WITH_AES_256_CBC_SHA384, TLS_DHE_RSA_WITH_AES_256_CBC_SHA256, TLS_DHE_DSS_WITH_AES_256_CBC_SHA256, TLS_ECDHE_ECDSA_WITH_AES_256_CBC_SHA, TLS_ECDHE_RSA_WITH_AES_256_CBC_SHA, TLS_RSA_WITH_AES_256_CBC_SHA, TLS_ECDH_ECDSA_WITH_AES_256_CBC_SHA, TLS_ECDH_RSA_WITH_AES_256_CBC_SHA, TLS_DHE_RSA_WITH_AES_256_CBC_SHA, TLS_DHE_DSS_WITH_AES_256_CBC_SHA, TLS_ECDHE_ECDSA_WITH_AES_128_CBC_SHA256, TLS_ECDHE_RSA_WITH_AES_128_CBC_SHA256, TLS_RSA_WITH_AES_128_CBC_SHA256, TLS_ECDH_ECDSA_WITH_AES_128_CBC_SHA256, TLS_ECDH_RSA_WITH_AES_128_CBC_SHA256, TLS_DHE_RSA_WITH_AES_128_CBC_SHA256, TLS_DHE_DSS_WITH_AES_128_CBC_SHA256, TLS_ECDHE_ECDSA_WITH_AES_128_CBC_SHA, TLS_ECDHE_RSA_WITH_AES_128_CBC_SHA, TLS_RSA_WITH_AES_128_CBC_SHA, TLS_ECDH_ECDSA_WITH_AES_128_CBC_SHA, TLS_ECDH_RSA_WITH_AES_128_CBC_SHA, TLS_DHE_RSA_WITH_AES_128_CBC_SHA, TLS_DHE_DSS_WITH_AES_128_CBC_SHA, TLS_ECDHE_ECDSA_WITH_AES_256_GCM_SHA384, TLS_ECDHE_ECDSA_WITH_AES_128_GCM_SHA256, TLS_ECDHE_RSA_WITH_AES_256_GCM_SHA384, TLS_RSA_WITH_AES_256_GCM_SHA384, TLS_ECDH_ECDSA_WITH_AES_256_GCM_SHA384, TLS_ECDH_RSA_WITH_AES_256_GCM_SHA384, TLS_DHE_RSA_WITH_AES_256_GCM_SHA384, TLS_DHE_DSS_WITH_AES_256_GCM_SHA384, TLS_ECDHE_RSA_WITH_AES_128_GCM_SHA256, TLS_RSA_WITH_AES_128_GCM_SHA256, TLS_ECDH_ECDSA_WITH_AES_128_GCM_SHA256, TLS_ECDH_RSA_WITH_AES_128_GCM_SHA256, TLS_DHE_RSA_WITH_AES_128_GCM_SHA256, TLS_DHE_DSS_WITH_AES_128_GCM_SHA256, TLS_EMPTY_RENEGOTIATION_INFO_SCSV]
2019-07-21 18:17:47.677 DEBUG   --- [           main] o.a.h.c.ssl.SSLConnectionSocketFactory   : Starting handshake
2019-07-21 18:17:48.083 DEBUG   --- [           main] o.a.h.c.ssl.SSLConnectionSocketFactory   : Secure session established
2019-07-21 18:17:48.083 DEBUG   --- [           main] o.a.h.c.ssl.SSLConnectionSocketFactory   :  negotiated protocol: TLSv1.2
2019-07-21 18:17:48.083 DEBUG   --- [           main] o.a.h.c.ssl.SSLConnectionSocketFactory   :  negotiated cipher suite: TLS_ECDHE_RSA_WITH_AES_128_GCM_SHA256
2019-07-21 18:17:48.098 DEBUG   --- [           main] o.a.h.c.ssl.SSLConnectionSocketFactory   :  peer principal: CN=mp.weixin.qq.com, OU=R&D, O=Shenzhen Tencent Computer Systems Company Limited, L=Shenzhen, ST=Guangdong, C=CN
2019-07-21 18:17:48.098 DEBUG   --- [           main] o.a.h.c.ssl.SSLConnectionSocketFactory   :  peer alternative names: [mp.weixin.qq.com, api.weixin.qq.com, a.weixin.qq.com, hk.mp.weixin.qq.com, minigame.weixin.qq.com, ad.weixin.qq.com, developers.weixin.qq.com, rd.wechatapp.com, api2.weixin.qq.com, hk.open.weixin.qq.com, sz.open.weixin.qq.com, servicewechat.com, game.weixin.qq.com, long.open.weixin.qq.com, open.weixin.qq.com, sh.api.weixin.qq.com, sz.api.weixin.qq.com, as.weixin.qq.com, hk.api.weixin.qq.com, sz.mp.weixin.qq.com, mp.weixinbridge.com]
2019-07-21 18:17:48.098 DEBUG   --- [           main] o.a.h.c.ssl.SSLConnectionSocketFactory   :  issuer principal: CN=GeoTrust RSA CA 2018, OU=www.digicert.com, O=DigiCert Inc, C=US
2019-07-21 18:17:48.145 DEBUG   --- [           main] .i.c.DefaultHttpClientConnectionOperator : Connection established 192.168.199.237:51438<->140.207.119.12:443
2019-07-21 18:17:48.145 DEBUG   --- [           main] h.i.c.DefaultManagedHttpClientConnection : http-outgoing-0: set socket timeout to 30000
2019-07-21 18:17:48.145 DEBUG   --- [           main] o.a.http.impl.execchain.MainClientExec   : Executing request GET /sns/jscode2session?appid=wx9309ee85f54564cf&secret=5c8600af1dd565eaa8cf222e93746f58&js_code=0231FwiU09f9lZ1jAmkU0XpmiU01Fwi1&grant_type=authorization_code HTTP/1.1
2019-07-21 18:17:48.145 DEBUG   --- [           main] o.a.http.impl.execchain.MainClientExec   : Target auth state: UNCHALLENGED
2019-07-21 18:17:48.145 DEBUG   --- [           main] o.a.http.impl.execchain.MainClientExec   : Proxy auth state: UNCHALLENGED
2019-07-21 18:17:48.145 DEBUG   --- [           main] org.apache.http.headers                  : http-outgoing-0 >> GET /sns/jscode2session?appid=wx9309ee85f54564cf&secret=5c8600af1dd565eaa8cf222e93746f58&js_code=0231FwiU09f9lZ1jAmkU0XpmiU01Fwi1&grant_type=authorization_code HTTP/1.1
2019-07-21 18:17:48.145 DEBUG   --- [           main] org.apache.http.headers                  : http-outgoing-0 >> Host: api.weixin.qq.com
2019-07-21 18:17:48.161 DEBUG   --- [           main] org.apache.http.headers                  : http-outgoing-0 >> Connection: Keep-Alive
2019-07-21 18:17:48.161 DEBUG   --- [           main] org.apache.http.headers                  : http-outgoing-0 >> User-Agent: Apache-HttpClient/4.5.9 (Java/1.8.0_211)
2019-07-21 18:17:48.161 DEBUG   --- [           main] org.apache.http.headers                  : http-outgoing-0 >> Accept-Encoding: gzip,deflate
2019-07-21 18:17:48.161 DEBUG   --- [           main] org.apache.http.wire                     : http-outgoing-0 >> "GET /sns/jscode2session?appid=wx9309ee85f54564cf&secret=5c8600af1dd565eaa8cf222e93746f58&js_code=0231FwiU09f9lZ1jAmkU0XpmiU01Fwi1&grant_type=authorization_code HTTP/1.1[\r][\n]"
2019-07-21 18:17:48.161 DEBUG   --- [           main] org.apache.http.wire                     : http-outgoing-0 >> "Host: api.weixin.qq.com[\r][\n]"
2019-07-21 18:17:48.161 DEBUG   --- [           main] org.apache.http.wire                     : http-outgoing-0 >> "Connection: Keep-Alive[\r][\n]"
2019-07-21 18:17:48.161 DEBUG   --- [           main] org.apache.http.wire                     : http-outgoing-0 >> "User-Agent: Apache-HttpClient/4.5.9 (Java/1.8.0_211)[\r][\n]"
2019-07-21 18:17:48.161 DEBUG   --- [           main] org.apache.http.wire                     : http-outgoing-0 >> "Accept-Encoding: gzip,deflate[\r][\n]"
2019-07-21 18:17:48.161 DEBUG   --- [           main] org.apache.http.wire                     : http-outgoing-0 >> "[\r][\n]"
2019-07-21 18:17:48.270 DEBUG   --- [           main] org.apache.http.wire                     : http-outgoing-0 << "HTTP/1.1 200 OK[\r][\n]"
2019-07-21 18:17:48.285 DEBUG   --- [           main] org.apache.http.wire                     : http-outgoing-0 << "Connection: keep-alive[\r][\n]"
2019-07-21 18:17:48.285 DEBUG   --- [           main] org.apache.http.wire                     : http-outgoing-0 << "Content-Type: text/plain[\r][\n]"
2019-07-21 18:17:48.285 DEBUG   --- [           main] org.apache.http.wire                     : http-outgoing-0 << "Date: Sun, 21 Jul 2019 10:18:12 GMT[\r][\n]"
2019-07-21 18:17:48.285 DEBUG   --- [           main] org.apache.http.wire                     : http-outgoing-0 << "Content-Length: 82[\r][\n]"
2019-07-21 18:17:48.285 DEBUG   --- [           main] org.apache.http.wire                     : http-outgoing-0 << "[\r][\n]"
2019-07-21 18:17:48.285 DEBUG   --- [           main] org.apache.http.wire                     : http-outgoing-0 << "{"session_key":"oxQ3U7J6pDAP15wDkEXaWw==","openid":"otr945K-CAmP_I-mWw8ZM44uThIU"}"
2019-07-21 18:17:48.285 DEBUG   --- [           main] org.apache.http.headers                  : http-outgoing-0 << HTTP/1.1 200 OK
2019-07-21 18:17:48.285 DEBUG   --- [           main] org.apache.http.headers                  : http-outgoing-0 << Connection: keep-alive
2019-07-21 18:17:48.285 DEBUG   --- [           main] org.apache.http.headers                  : http-outgoing-0 << Content-Type: text/plain
2019-07-21 18:17:48.285 DEBUG   --- [           main] org.apache.http.headers                  : http-outgoing-0 << Date: Sun, 21 Jul 2019 10:18:12 GMT
2019-07-21 18:17:48.285 DEBUG   --- [           main] org.apache.http.headers                  : http-outgoing-0 << Content-Length: 82
2019-07-21 18:17:48.317 DEBUG   --- [           main] o.a.http.impl.execchain.MainClientExec   : Connection can be kept alive indefinitely
2019-07-21 18:17:48.410 DEBUG   --- [           main] h.i.c.PoolingHttpClientConnectionManager : Connection [id: 0][route: {s}->https://api.weixin.qq.com:443] can be kept alive indefinitely
2019-07-21 18:17:48.410 DEBUG   --- [           main] h.i.c.DefaultManagedHttpClientConnection : http-outgoing-0: set socket timeout to 0
2019-07-21 18:17:48.410 DEBUG   --- [           main] h.i.c.PoolingHttpClientConnectionManager : Connection released: [id: 0][route: {s}->https://api.weixin.qq.com:443][total kept alive: 1; route allocated: 1 of 100; total allocated: 1 of 500]
2019-07-21 18:17:48.410 DEBUG   --- [           main] o.a.http.impl.execchain.MainClientExec   : Cancelling request execution
